2025-07-15 02:43:35,572 CRIT Supervisor is running as root.  Privileges were not dropped because no user is specified in the config file.  If you intend to run as root, you can set user=root in the config file to avoid this message.
2025-07-15 02:43:35,575 INFO supervisord started with pid 1
2025-07-15 02:43:36,577 INFO spawned: 'flask' with pid 7
2025-07-15 02:43:36,578 INFO spawned: 'tomcat' with pid 8
2025-07-15 02:43:46,682 INFO success: flask entered RUNNING state, process has stayed up for > than 10 seconds (startsecs)
2025-07-15 02:44:07,102 INFO success: tomcat entered RUNNING state, process has stayed up for > than 30 seconds (startsecs)
2025-07-15 03:33:26,668 WARN received SIGTERM indicating exit request
2025-07-15 03:33:26,676 INFO waiting for flask, tomcat to die
2025-07-15 03:33:26,787 WARN stopped: tomcat (exit status 143)
2025-07-15 03:33:26,798 WARN stopped: flask (terminated by SIGTERM)
2025-07-15 03:35:53,949 CRIT Supervisor is running as root.  Privileges were not dropped because no user is specified in the config file.  If you intend to run as root, you can set user=root in the config file to avoid this message.
2025-07-15 03:35:53,950 INFO supervisord started with pid 1
2025-07-15 03:35:54,952 INFO spawned: 'flask' with pid 7
2025-07-15 03:35:54,954 INFO spawned: 'tomcat' with pid 8
2025-07-15 03:36:05,793 INFO success: flask entered RUNNING state, process has stayed up for > than 10 seconds (startsecs)
2025-07-15 03:36:25,546 INFO success: tomcat entered RUNNING state, process has stayed up for > than 30 seconds (startsecs)
2025-07-15 03:36:32,553 WARN received SIGTERM indicating exit request
2025-07-15 03:36:32,555 INFO waiting for flask, tomcat to die
2025-07-15 03:36:32,608 WARN stopped: tomcat (exit status 143)
2025-07-15 03:36:32,615 WARN stopped: flask (terminated by SIGTERM)
2025-07-15 03:36:48,443 CRIT Supervisor is running as root.  Privileges were not dropped because no user is specified in the config file.  If you intend to run as root, you can set user=root in the config file to avoid this message.
2025-07-15 03:36:48,444 INFO supervisord started with pid 1
2025-07-15 03:36:49,446 INFO spawned: 'flask' with pid 7
2025-07-15 03:36:49,448 INFO spawned: 'tomcat' with pid 8
2025-07-15 03:37:00,401 INFO success: flask entered RUNNING state, process has stayed up for > than 10 seconds (startsecs)
2025-07-15 03:37:20,421 INFO success: tomcat entered RUNNING state, process has stayed up for > than 30 seconds (startsecs)
2025-07-15 03:41:24,314 WARN received SIGTERM indicating exit request
2025-07-15 03:41:24,314 INFO waiting for flask, tomcat to die
2025-07-15 03:41:24,355 WARN stopped: tomcat (exit status 143)
2025-07-15 03:41:24,371 WARN stopped: flask (terminated by SIGTERM)
2025-07-15 03:42:33,879 CRIT Supervisor is running as root.  Privileges were not dropped because no user is specified in the config file.  If you intend to run as root, you can set user=root in the config file to avoid this message.
2025-07-15 03:42:33,880 INFO supervisord started with pid 1
2025-07-15 03:42:34,883 INFO spawned: 'flask' with pid 7
2025-07-15 03:42:34,885 INFO spawned: 'tomcat' with pid 8
2025-07-15 03:42:44,901 INFO success: flask entered RUNNING state, process has stayed up for > than 10 seconds (startsecs)
2025-07-15 03:43:04,922 INFO success: tomcat entered RUNNING state, process has stayed up for > than 30 seconds (startsecs)
2025-07-15 04:54:10,136 WARN received SIGTERM indicating exit request
2025-07-15 04:54:10,146 INFO waiting for flask, tomcat to die
2025-07-15 04:54:10,310 WARN stopped: tomcat (exit status 143)
2025-07-15 04:54:10,320 WARN stopped: flask (terminated by SIGTERM)
