15-Jul-2025 02:43:37.029 INFO [main] org.apache.catalina.startup.VersionLoggerListener.log Server version name:   Apache Tomcat/10.1.43
15-Jul-2025 02:43:37.034 INFO [main] org.apache.catalina.startup.VersionLoggerListener.log Server built:          Jul 1 2025 21:30:20 UTC
15-Jul-2025 02:43:37.034 INFO [main] org.apache.catalina.startup.VersionLoggerListener.log Server version number: 10.1.43.0
15-Jul-2025 02:43:37.035 INFO [main] org.apache.catalina.startup.VersionLoggerListener.log OS Name:               Linux
15-Jul-2025 02:43:37.035 INFO [main] org.apache.catalina.startup.VersionLoggerListener.log OS Version:            6.11.0-29-generic
15-Jul-2025 02:43:37.035 INFO [main] org.apache.catalina.startup.VersionLoggerListener.log Architecture:          amd64
15-Jul-2025 02:43:37.035 INFO [main] org.apache.catalina.startup.VersionLoggerListener.log Java Home:             /opt/java/openjdk
15-Jul-2025 02:43:37.035 INFO [main] org.apache.catalina.startup.VersionLoggerListener.log JVM Version:           17.0.15+6
15-Jul-2025 02:43:37.035 INFO [main] org.apache.catalina.startup.VersionLoggerListener.log JVM Vendor:            Eclipse Adoptium
15-Jul-2025 02:43:37.035 INFO [main] org.apache.catalina.startup.VersionLoggerListener.log CATALINA_BASE:         /usr/local/tomcat
15-Jul-2025 02:43:37.035 INFO [main] org.apache.catalina.startup.VersionLoggerListener.log CATALINA_HOME:         /usr/local/tomcat
15-Jul-2025 02:43:37.049 INFO [main] org.apache.catalina.startup.VersionLoggerListener.log Command line argument: -Djava.util.logging.config.file=/usr/local/tomcat/conf/logging.properties
15-Jul-2025 02:43:37.049 INFO [main] org.apache.catalina.startup.VersionLoggerListener.log Command line argument: -Djava.util.logging.manager=org.apache.juli.ClassLoaderLogManager
15-Jul-2025 02:43:37.050 INFO [main] org.apache.catalina.startup.VersionLoggerListener.log Command line argument: -Djdk.tls.ephemeralDHKeySize=2048
15-Jul-2025 02:43:37.050 INFO [main] org.apache.catalina.startup.VersionLoggerListener.log Command line argument: -Djava.protocol.handler.pkgs=org.apache.catalina.webresources
15-Jul-2025 02:43:37.050 INFO [main] org.apache.catalina.startup.VersionLoggerListener.log Command line argument: -Dsun.io.useCanonCaches=false
15-Jul-2025 02:43:37.050 INFO [main] org.apache.catalina.startup.VersionLoggerListener.log Command line argument: -Dorg.apache.catalina.security.SecurityListener.UMASK=0027
15-Jul-2025 02:43:37.050 INFO [main] org.apache.catalina.startup.VersionLoggerListener.log Command line argument: --add-opens=java.base/java.lang=ALL-UNNAMED
15-Jul-2025 02:43:37.050 INFO [main] org.apache.catalina.startup.VersionLoggerListener.log Command line argument: --add-opens=java.base/java.lang.reflect=ALL-UNNAMED
15-Jul-2025 02:43:37.050 INFO [main] org.apache.catalina.startup.VersionLoggerListener.log Command line argument: --add-opens=java.base/java.io=ALL-UNNAMED
15-Jul-2025 02:43:37.050 INFO [main] org.apache.catalina.startup.VersionLoggerListener.log Command line argument: --add-opens=java.base/java.util=ALL-UNNAMED
15-Jul-2025 02:43:37.051 INFO [main] org.apache.catalina.startup.VersionLoggerListener.log Command line argument: --add-opens=java.base/java.util.concurrent=ALL-UNNAMED
15-Jul-2025 02:43:37.052 INFO [main] org.apache.catalina.startup.VersionLoggerListener.log Command line argument: --add-opens=java.rmi/sun.rmi.transport=ALL-UNNAMED
15-Jul-2025 02:43:37.052 INFO [main] org.apache.catalina.startup.VersionLoggerListener.log Command line argument: -Dcatalina.base=/usr/local/tomcat
15-Jul-2025 02:43:37.052 INFO [main] org.apache.catalina.startup.VersionLoggerListener.log Command line argument: -Dcatalina.home=/usr/local/tomcat
15-Jul-2025 02:43:37.053 INFO [main] org.apache.catalina.startup.VersionLoggerListener.log Command line argument: -Djava.io.tmpdir=/usr/local/tomcat/temp
15-Jul-2025 02:43:37.059 INFO [main] org.apache.catalina.core.AprLifecycleListener.lifecycleEvent Loaded Apache Tomcat Native library [2.0.9] using APR version [1.7.2].
15-Jul-2025 02:43:37.063 INFO [main] org.apache.catalina.core.AprLifecycleListener.initializeSSL OpenSSL successfully initialized [OpenSSL 3.0.13 30 Jan 2024]
15-Jul-2025 02:43:37.283 INFO [main] org.apache.coyote.AbstractProtocol.init Initializing ProtocolHandler ["http-nio-8080"]
15-Jul-2025 02:43:37.305 INFO [main] org.apache.catalina.startup.Catalina.load Server initialization in [468] milliseconds
15-Jul-2025 02:43:37.354 INFO [main] org.apache.catalina.core.StandardService.startInternal Starting service [Catalina]
15-Jul-2025 02:43:37.354 INFO [main] org.apache.catalina.core.StandardEngine.startInternal Starting Servlet engine: [Apache Tomcat/10.1.43]
15-Jul-2025 02:43:37.370 INFO [main] org.apache.coyote.AbstractProtocol.start Starting ProtocolHandler ["http-nio-8080"]
15-Jul-2025 02:43:37.382 INFO [main] org.apache.catalina.startup.Catalina.start Server startup in [77] milliseconds
15-Jul-2025 03:33:26.694 INFO [Thread-1] org.apache.coyote.AbstractProtocol.pause Pausing ProtocolHandler ["http-nio-8080"]
15-Jul-2025 03:33:26.730 INFO [Thread-1] org.apache.catalina.core.StandardService.stopInternal Stopping service [Catalina]
15-Jul-2025 03:33:26.735 INFO [Thread-1] org.apache.coyote.AbstractProtocol.stop Stopping ProtocolHandler ["http-nio-8080"]
15-Jul-2025 03:33:26.748 INFO [Thread-1] org.apache.coyote.AbstractProtocol.destroy Destroying ProtocolHandler ["http-nio-8080"]
15-Jul-2025 03:35:55.373 INFO [main] org.apache.catalina.startup.VersionLoggerListener.log Server version name:   Apache Tomcat/10.1.43
15-Jul-2025 03:35:55.379 INFO [main] org.apache.catalina.startup.VersionLoggerListener.log Server built:          Jul 1 2025 21:30:20 UTC
15-Jul-2025 03:35:55.379 INFO [main] org.apache.catalina.startup.VersionLoggerListener.log Server version number: 10.1.43.0
15-Jul-2025 03:35:55.380 INFO [main] org.apache.catalina.startup.VersionLoggerListener.log OS Name:               Linux
15-Jul-2025 03:35:55.380 INFO [main] org.apache.catalina.startup.VersionLoggerListener.log OS Version:            6.11.0-29-generic
15-Jul-2025 03:35:55.380 INFO [main] org.apache.catalina.startup.VersionLoggerListener.log Architecture:          amd64
15-Jul-2025 03:35:55.380 INFO [main] org.apache.catalina.startup.VersionLoggerListener.log Java Home:             /opt/java/openjdk
15-Jul-2025 03:35:55.380 INFO [main] org.apache.catalina.startup.VersionLoggerListener.log JVM Version:           17.0.15+6
15-Jul-2025 03:35:55.380 INFO [main] org.apache.catalina.startup.VersionLoggerListener.log JVM Vendor:            Eclipse Adoptium
15-Jul-2025 03:35:55.380 INFO [main] org.apache.catalina.startup.VersionLoggerListener.log CATALINA_BASE:         /usr/local/tomcat
15-Jul-2025 03:35:55.380 INFO [main] org.apache.catalina.startup.VersionLoggerListener.log CATALINA_HOME:         /usr/local/tomcat
15-Jul-2025 03:35:55.397 INFO [main] org.apache.catalina.startup.VersionLoggerListener.log Command line argument: -Djava.util.logging.config.file=/usr/local/tomcat/conf/logging.properties
15-Jul-2025 03:35:55.397 INFO [main] org.apache.catalina.startup.VersionLoggerListener.log Command line argument: -Djava.util.logging.manager=org.apache.juli.ClassLoaderLogManager
15-Jul-2025 03:35:55.398 INFO [main] org.apache.catalina.startup.VersionLoggerListener.log Command line argument: -Djdk.tls.ephemeralDHKeySize=2048
15-Jul-2025 03:35:55.398 INFO [main] org.apache.catalina.startup.VersionLoggerListener.log Command line argument: -Djava.protocol.handler.pkgs=org.apache.catalina.webresources
15-Jul-2025 03:35:55.398 INFO [main] org.apache.catalina.startup.VersionLoggerListener.log Command line argument: -Dsun.io.useCanonCaches=false
15-Jul-2025 03:35:55.398 INFO [main] org.apache.catalina.startup.VersionLoggerListener.log Command line argument: -Dorg.apache.catalina.security.SecurityListener.UMASK=0027
15-Jul-2025 03:35:55.398 INFO [main] org.apache.catalina.startup.VersionLoggerListener.log Command line argument: --add-opens=java.base/java.lang=ALL-UNNAMED
15-Jul-2025 03:35:55.398 INFO [main] org.apache.catalina.startup.VersionLoggerListener.log Command line argument: --add-opens=java.base/java.lang.reflect=ALL-UNNAMED
15-Jul-2025 03:35:55.398 INFO [main] org.apache.catalina.startup.VersionLoggerListener.log Command line argument: --add-opens=java.base/java.io=ALL-UNNAMED
15-Jul-2025 03:35:55.398 INFO [main] org.apache.catalina.startup.VersionLoggerListener.log Command line argument: --add-opens=java.base/java.util=ALL-UNNAMED
15-Jul-2025 03:35:55.398 INFO [main] org.apache.catalina.startup.VersionLoggerListener.log Command line argument: --add-opens=java.base/java.util.concurrent=ALL-UNNAMED
15-Jul-2025 03:35:55.398 INFO [main] org.apache.catalina.startup.VersionLoggerListener.log Command line argument: --add-opens=java.rmi/sun.rmi.transport=ALL-UNNAMED
15-Jul-2025 03:35:55.399 INFO [main] org.apache.catalina.startup.VersionLoggerListener.log Command line argument: -Dcatalina.base=/usr/local/tomcat
15-Jul-2025 03:35:55.399 INFO [main] org.apache.catalina.startup.VersionLoggerListener.log Command line argument: -Dcatalina.home=/usr/local/tomcat
15-Jul-2025 03:35:55.399 INFO [main] org.apache.catalina.startup.VersionLoggerListener.log Command line argument: -Djava.io.tmpdir=/usr/local/tomcat/temp
15-Jul-2025 03:35:55.402 INFO [main] org.apache.catalina.core.AprLifecycleListener.lifecycleEvent Loaded Apache Tomcat Native library [2.0.9] using APR version [1.7.2].
15-Jul-2025 03:35:55.405 INFO [main] org.apache.catalina.core.AprLifecycleListener.initializeSSL OpenSSL successfully initialized [OpenSSL 3.0.13 30 Jan 2024]
15-Jul-2025 03:35:55.684 INFO [main] org.apache.coyote.AbstractProtocol.init Initializing ProtocolHandler ["http-nio-8080"]
15-Jul-2025 03:35:55.723 INFO [main] org.apache.catalina.startup.Catalina.load Server initialization in [531] milliseconds
15-Jul-2025 03:35:55.782 INFO [main] org.apache.catalina.core.StandardService.startInternal Starting service [Catalina]
15-Jul-2025 03:35:55.782 INFO [main] org.apache.catalina.core.StandardEngine.startInternal Starting Servlet engine: [Apache Tomcat/10.1.43]
15-Jul-2025 03:35:55.804 INFO [main] org.apache.coyote.AbstractProtocol.start Starting ProtocolHandler ["http-nio-8080"]
15-Jul-2025 03:35:55.819 INFO [main] org.apache.catalina.startup.Catalina.start Server startup in [96] milliseconds
15-Jul-2025 03:36:32.560 INFO [Thread-1] org.apache.coyote.AbstractProtocol.pause Pausing ProtocolHandler ["http-nio-8080"]
15-Jul-2025 03:36:32.570 INFO [Thread-1] org.apache.catalina.core.StandardService.stopInternal Stopping service [Catalina]
15-Jul-2025 03:36:32.571 INFO [Thread-1] org.apache.coyote.AbstractProtocol.stop Stopping ProtocolHandler ["http-nio-8080"]
15-Jul-2025 03:36:32.575 INFO [Thread-1] org.apache.coyote.AbstractProtocol.destroy Destroying ProtocolHandler ["http-nio-8080"]
15-Jul-2025 03:36:49.853 INFO [main] org.apache.catalina.startup.VersionLoggerListener.log Server version name:   Apache Tomcat/10.1.43
15-Jul-2025 03:36:49.857 INFO [main] org.apache.catalina.startup.VersionLoggerListener.log Server built:          Jul 1 2025 21:30:20 UTC
15-Jul-2025 03:36:49.857 INFO [main] org.apache.catalina.startup.VersionLoggerListener.log Server version number: 10.1.43.0
15-Jul-2025 03:36:49.857 INFO [main] org.apache.catalina.startup.VersionLoggerListener.log OS Name:               Linux
15-Jul-2025 03:36:49.857 INFO [main] org.apache.catalina.startup.VersionLoggerListener.log OS Version:            6.11.0-29-generic
15-Jul-2025 03:36:49.857 INFO [main] org.apache.catalina.startup.VersionLoggerListener.log Architecture:          amd64
15-Jul-2025 03:36:49.857 INFO [main] org.apache.catalina.startup.VersionLoggerListener.log Java Home:             /opt/java/openjdk
15-Jul-2025 03:36:49.857 INFO [main] org.apache.catalina.startup.VersionLoggerListener.log JVM Version:           17.0.15+6
15-Jul-2025 03:36:49.857 INFO [main] org.apache.catalina.startup.VersionLoggerListener.log JVM Vendor:            Eclipse Adoptium
15-Jul-2025 03:36:49.857 INFO [main] org.apache.catalina.startup.VersionLoggerListener.log CATALINA_BASE:         /usr/local/tomcat
15-Jul-2025 03:36:49.857 INFO [main] org.apache.catalina.startup.VersionLoggerListener.log CATALINA_HOME:         /usr/local/tomcat
15-Jul-2025 03:36:49.864 INFO [main] org.apache.catalina.startup.VersionLoggerListener.log Command line argument: -Djava.util.logging.config.file=/usr/local/tomcat/conf/logging.properties
15-Jul-2025 03:36:49.864 INFO [main] org.apache.catalina.startup.VersionLoggerListener.log Command line argument: -Djava.util.logging.manager=org.apache.juli.ClassLoaderLogManager
15-Jul-2025 03:36:49.864 INFO [main] org.apache.catalina.startup.VersionLoggerListener.log Command line argument: -Djdk.tls.ephemeralDHKeySize=2048
15-Jul-2025 03:36:49.864 INFO [main] org.apache.catalina.startup.VersionLoggerListener.log Command line argument: -Djava.protocol.handler.pkgs=org.apache.catalina.webresources
15-Jul-2025 03:36:49.864 INFO [main] org.apache.catalina.startup.VersionLoggerListener.log Command line argument: -Dsun.io.useCanonCaches=false
15-Jul-2025 03:36:49.864 INFO [main] org.apache.catalina.startup.VersionLoggerListener.log Command line argument: -Dorg.apache.catalina.security.SecurityListener.UMASK=0027
15-Jul-2025 03:36:49.864 INFO [main] org.apache.catalina.startup.VersionLoggerListener.log Command line argument: --add-opens=java.base/java.lang=ALL-UNNAMED
15-Jul-2025 03:36:49.864 INFO [main] org.apache.catalina.startup.VersionLoggerListener.log Command line argument: --add-opens=java.base/java.lang.reflect=ALL-UNNAMED
15-Jul-2025 03:36:49.865 INFO [main] org.apache.catalina.startup.VersionLoggerListener.log Command line argument: --add-opens=java.base/java.io=ALL-UNNAMED
15-Jul-2025 03:36:49.865 INFO [main] org.apache.catalina.startup.VersionLoggerListener.log Command line argument: --add-opens=java.base/java.util=ALL-UNNAMED
15-Jul-2025 03:36:49.865 INFO [main] org.apache.catalina.startup.VersionLoggerListener.log Command line argument: --add-opens=java.base/java.util.concurrent=ALL-UNNAMED
15-Jul-2025 03:36:49.865 INFO [main] org.apache.catalina.startup.VersionLoggerListener.log Command line argument: --add-opens=java.rmi/sun.rmi.transport=ALL-UNNAMED
15-Jul-2025 03:36:49.865 INFO [main] org.apache.catalina.startup.VersionLoggerListener.log Command line argument: -Dcatalina.base=/usr/local/tomcat
15-Jul-2025 03:36:49.865 INFO [main] org.apache.catalina.startup.VersionLoggerListener.log Command line argument: -Dcatalina.home=/usr/local/tomcat
15-Jul-2025 03:36:49.865 INFO [main] org.apache.catalina.startup.VersionLoggerListener.log Command line argument: -Djava.io.tmpdir=/usr/local/tomcat/temp
15-Jul-2025 03:36:49.868 INFO [main] org.apache.catalina.core.AprLifecycleListener.lifecycleEvent Loaded Apache Tomcat Native library [2.0.9] using APR version [1.7.2].
15-Jul-2025 03:36:49.872 INFO [main] org.apache.catalina.core.AprLifecycleListener.initializeSSL OpenSSL successfully initialized [OpenSSL 3.0.13 30 Jan 2024]
15-Jul-2025 03:36:50.082 INFO [main] org.apache.coyote.AbstractProtocol.init Initializing ProtocolHandler ["http-nio-8080"]
15-Jul-2025 03:36:50.100 INFO [main] org.apache.catalina.startup.Catalina.load Server initialization in [398] milliseconds
15-Jul-2025 03:36:50.141 INFO [main] org.apache.catalina.core.StandardService.startInternal Starting service [Catalina]
15-Jul-2025 03:36:50.141 INFO [main] org.apache.catalina.core.StandardEngine.startInternal Starting Servlet engine: [Apache Tomcat/10.1.43]
15-Jul-2025 03:36:50.154 INFO [main] org.apache.coyote.AbstractProtocol.start Starting ProtocolHandler ["http-nio-8080"]
15-Jul-2025 03:36:50.163 INFO [main] org.apache.catalina.startup.Catalina.start Server startup in [62] milliseconds
15-Jul-2025 03:41:24.321 INFO [Thread-1] org.apache.coyote.AbstractProtocol.pause Pausing ProtocolHandler ["http-nio-8080"]
15-Jul-2025 03:41:24.328 INFO [Thread-1] org.apache.catalina.core.StandardService.stopInternal Stopping service [Catalina]
15-Jul-2025 03:41:24.329 INFO [Thread-1] org.apache.coyote.AbstractProtocol.stop Stopping ProtocolHandler ["http-nio-8080"]
15-Jul-2025 03:41:24.334 INFO [Thread-1] org.apache.coyote.AbstractProtocol.destroy Destroying ProtocolHandler ["http-nio-8080"]
15-Jul-2025 03:42:35.284 INFO [main] org.apache.catalina.startup.VersionLoggerListener.log Server version name:   Apache Tomcat/10.1.43
15-Jul-2025 03:42:35.291 INFO [main] org.apache.catalina.startup.VersionLoggerListener.log Server built:          Jul 1 2025 21:30:20 UTC
15-Jul-2025 03:42:35.291 INFO [main] org.apache.catalina.startup.VersionLoggerListener.log Server version number: 10.1.43.0
15-Jul-2025 03:42:35.291 INFO [main] org.apache.catalina.startup.VersionLoggerListener.log OS Name:               Linux
15-Jul-2025 03:42:35.292 INFO [main] org.apache.catalina.startup.VersionLoggerListener.log OS Version:            6.11.0-29-generic
15-Jul-2025 03:42:35.292 INFO [main] org.apache.catalina.startup.VersionLoggerListener.log Architecture:          amd64
15-Jul-2025 03:42:35.292 INFO [main] org.apache.catalina.startup.VersionLoggerListener.log Java Home:             /opt/java/openjdk
15-Jul-2025 03:42:35.292 INFO [main] org.apache.catalina.startup.VersionLoggerListener.log JVM Version:           17.0.15+6
15-Jul-2025 03:42:35.292 INFO [main] org.apache.catalina.startup.VersionLoggerListener.log JVM Vendor:            Eclipse Adoptium
15-Jul-2025 03:42:35.292 INFO [main] org.apache.catalina.startup.VersionLoggerListener.log CATALINA_BASE:         /usr/local/tomcat
15-Jul-2025 03:42:35.292 INFO [main] org.apache.catalina.startup.VersionLoggerListener.log CATALINA_HOME:         /usr/local/tomcat
15-Jul-2025 03:42:35.304 INFO [main] org.apache.catalina.startup.VersionLoggerListener.log Command line argument: -Djava.util.logging.config.file=/usr/local/tomcat/conf/logging.properties
15-Jul-2025 03:42:35.304 INFO [main] org.apache.catalina.startup.VersionLoggerListener.log Command line argument: -Djava.util.logging.manager=org.apache.juli.ClassLoaderLogManager
15-Jul-2025 03:42:35.304 INFO [main] org.apache.catalina.startup.VersionLoggerListener.log Command line argument: -Djdk.tls.ephemeralDHKeySize=2048
15-Jul-2025 03:42:35.304 INFO [main] org.apache.catalina.startup.VersionLoggerListener.log Command line argument: -Djava.protocol.handler.pkgs=org.apache.catalina.webresources
15-Jul-2025 03:42:35.304 INFO [main] org.apache.catalina.startup.VersionLoggerListener.log Command line argument: -Dsun.io.useCanonCaches=false
15-Jul-2025 03:42:35.304 INFO [main] org.apache.catalina.startup.VersionLoggerListener.log Command line argument: -Dorg.apache.catalina.security.SecurityListener.UMASK=0027
15-Jul-2025 03:42:35.305 INFO [main] org.apache.catalina.startup.VersionLoggerListener.log Command line argument: --add-opens=java.base/java.lang=ALL-UNNAMED
15-Jul-2025 03:42:35.305 INFO [main] org.apache.catalina.startup.VersionLoggerListener.log Command line argument: --add-opens=java.base/java.lang.reflect=ALL-UNNAMED
15-Jul-2025 03:42:35.305 INFO [main] org.apache.catalina.startup.VersionLoggerListener.log Command line argument: --add-opens=java.base/java.io=ALL-UNNAMED
15-Jul-2025 03:42:35.305 INFO [main] org.apache.catalina.startup.VersionLoggerListener.log Command line argument: --add-opens=java.base/java.util=ALL-UNNAMED
15-Jul-2025 03:42:35.305 INFO [main] org.apache.catalina.startup.VersionLoggerListener.log Command line argument: --add-opens=java.base/java.util.concurrent=ALL-UNNAMED
15-Jul-2025 03:42:35.305 INFO [main] org.apache.catalina.startup.VersionLoggerListener.log Command line argument: --add-opens=java.rmi/sun.rmi.transport=ALL-UNNAMED
15-Jul-2025 03:42:35.305 INFO [main] org.apache.catalina.startup.VersionLoggerListener.log Command line argument: -Dcatalina.base=/usr/local/tomcat
15-Jul-2025 03:42:35.305 INFO [main] org.apache.catalina.startup.VersionLoggerListener.log Command line argument: -Dcatalina.home=/usr/local/tomcat
15-Jul-2025 03:42:35.305 INFO [main] org.apache.catalina.startup.VersionLoggerListener.log Command line argument: -Djava.io.tmpdir=/usr/local/tomcat/temp
15-Jul-2025 03:42:35.308 INFO [main] org.apache.catalina.core.AprLifecycleListener.lifecycleEvent Loaded Apache Tomcat Native library [2.0.9] using APR version [1.7.2].
15-Jul-2025 03:42:35.311 INFO [main] org.apache.catalina.core.AprLifecycleListener.initializeSSL OpenSSL successfully initialized [OpenSSL 3.0.13 30 Jan 2024]
15-Jul-2025 03:42:35.488 INFO [main] org.apache.coyote.AbstractProtocol.init Initializing ProtocolHandler ["http-nio-8080"]
15-Jul-2025 03:42:35.511 INFO [main] org.apache.catalina.startup.Catalina.load Server initialization in [361] milliseconds
15-Jul-2025 03:42:35.562 INFO [main] org.apache.catalina.core.StandardService.startInternal Starting service [Catalina]
15-Jul-2025 03:42:35.562 INFO [main] org.apache.catalina.core.StandardEngine.startInternal Starting Servlet engine: [Apache Tomcat/10.1.43]
15-Jul-2025 03:42:35.581 INFO [main] org.apache.coyote.AbstractProtocol.start Starting ProtocolHandler ["http-nio-8080"]
15-Jul-2025 03:42:35.596 INFO [main] org.apache.catalina.startup.Catalina.start Server startup in [84] milliseconds
15-Jul-2025 04:54:10.164 INFO [Thread-1] org.apache.coyote.AbstractProtocol.pause Pausing ProtocolHandler ["http-nio-8080"]
15-Jul-2025 04:54:10.213 INFO [Thread-1] org.apache.catalina.core.StandardService.stopInternal Stopping service [Catalina]
15-Jul-2025 04:54:10.222 INFO [Thread-1] org.apache.coyote.AbstractProtocol.stop Stopping ProtocolHandler ["http-nio-8080"]
15-Jul-2025 04:54:10.240 INFO [Thread-1] org.apache.coyote.AbstractProtocol.destroy Destroying ProtocolHandler ["http-nio-8080"]
